C51 COMPILER V9.60.7.0   DIGITAL_CLOCK                                                     11/12/2024 14:28:09 PAGE 1   


C51 COMPILER V9.60.7.0, COMPILATION OF MODULE DIGITAL_CLOCK
OBJECT MODULE PLACED IN .\Objects\digital clock.obj
COMPILER INVOKED BY: C:\Keil_v5\C51\BIN\C51.EXE digital clock.c OPTIMIZE(8,SPEED) BROWSE DEBUG OBJECTEXTEND PRINT(.\List
                    -ings\digital clock.lst) TABS(2) OBJECT(.\Objects\digital clock.obj)

line level    source

   1          #include<reg51.h>
   2          sbit seg1=P1^0;
   3          sbit seg2=P1^1; //common anode pin connection
   4          sbit seg3=P1^2;
   5          sbit seg4=P1^3;
   6          void main(){
   7   1        unsigned int i;
   8   1        seg1=seg2=seg3=seg4=0;
   9   1        while(1){
  10   2          seg1=1; //turn on 1st segment
  11   2          P2=0x90;  // you can change as your number's
  12   2          for(i=0;i<2000;i++);
  13   2          seg1=0;
  14   2          seg2=1;
  15   2          P2=0xc0;
  16   2          for(i=0;i<2000;i++);
  17   2          seg2=0;
  18   2          seg3=1;
  19   2          P2=0xc0;
  20   2          for(i=0;i<2000;i++);
  21   2          seg3=0;
  22   2          seg4=1;
  23   2          P2=0x92;
  24   2          for(i=0;i<2000;i++);
  25   2          seg4=0;
  26   2        }
  27   1      }


MODULE INFORMATION:   STATIC OVERLAYABLE
   CODE SIZE        =     94    ----
   CONSTANT SIZE    =   ----    ----
   XDATA SIZE       =   ----    ----
   PDATA SIZE       =   ----    ----
   DATA SIZE        =   ----    ----
   IDATA SIZE       =   ----    ----
   BIT SIZE         =   ----    ----
END OF MODULE INFORMATION.


C51 COMPILATION COMPLETE.  0 WARNING(S),  0 ERROR(S)
